<?xml version="1.0" encoding="UTF-8"?>
<robot generator="Robot 5.0.1 (Python 3.10.6 on win32)" generated="20220913 18:19:05.132" rpa="false" schemaversion="3">
<suite id="s1" name="Mirkevych Robotframework" source="C:\Users\mirke\PycharmProjects\mirkevych_robotframework">
<suite id="s1-s1" name="Test Cases" source="C:\Users\mirke\PycharmProjects\mirkevych_robotframework\test_cases">
<suite id="s1-s1-s1" name="Tests Rf" source="C:\Users\mirke\PycharmProjects\mirkevych_robotframework\test_cases\tests_rf.robot">
<test id="s1-s1-s1-t1" name="Test remind password empty email" line="150">
<kw name="Open login page">
<kw name="Open Browser" library="SeleniumLibrary">
<arg>${LOGIN URL}</arg>
<arg>${BROWSER}</arg>
<doc>Opens a new browser instance to the optional ``url``.</doc>
<msg timestamp="20220913 18:19:05.354" level="INFO">Opening browser 'Chrome' to base url 'https://scouts.futbolkolektyw.pl/'.</msg>
<status status="PASS" starttime="20220913 18:19:05.353" endtime="20220913 18:19:07.108"/>
</kw>
<kw name="Title Should Be" library="SeleniumLibrary">
<arg>Scouts panel - sign in</arg>
<doc>Verifies that the current page title equals ``title``.</doc>
<msg timestamp="20220913 18:19:07.115" level="INFO">Page title is 'Scouts panel - sign in'.</msg>
<status status="PASS" starttime="20220913 18:19:07.109" endtime="20220913 18:19:07.115"/>
</kw>
<status status="PASS" starttime="20220913 18:19:05.353" endtime="20220913 18:19:07.115"/>
</kw>
<kw name="Click remind password button">
<kw name="Wait Until Element Is Visible" library="SeleniumLibrary">
<arg>${REMIND PASSWORD HYPERLINK}</arg>
<doc>Waits until the element ``locator`` is visible.</doc>
<status status="PASS" starttime="20220913 18:19:07.116" endtime="20220913 18:19:07.165"/>
</kw>
<kw name="Click Element" library="SeleniumLibrary">
<arg>${REMIND PASSWORD HYPERLINK}</arg>
<doc>Click the element identified by ``locator``.</doc>
<msg timestamp="20220913 18:19:07.165" level="INFO">Clicking element 'xpath=//child::div/a'.</msg>
<status status="PASS" starttime="20220913 18:19:07.165" endtime="20220913 18:19:07.242"/>
</kw>
<status status="PASS" starttime="20220913 18:19:07.116" endtime="20220913 18:19:07.243"/>
</kw>
<kw name="Click send button">
<kw name="Wait Until Element Is Visible" library="SeleniumLibrary">
<arg>${REMIND PASSWORD SEND BUTTON}</arg>
<doc>Waits until the element ``locator`` is visible.</doc>
<status status="PASS" starttime="20220913 18:19:07.244" endtime="20220913 18:19:07.281"/>
</kw>
<kw name="Click Element" library="SeleniumLibrary">
<arg>${REMIND PASSWORD SEND BUTTON}</arg>
<doc>Click the element identified by ``locator``.</doc>
<msg timestamp="20220913 18:19:07.282" level="INFO">Clicking element 'xpath=//div[2]/button'.</msg>
<status status="PASS" starttime="20220913 18:19:07.281" endtime="20220913 18:19:07.324"/>
</kw>
<status status="PASS" starttime="20220913 18:19:07.243" endtime="20220913 18:19:07.324"/>
</kw>
<kw name="Sleep 7">
<kw name="Sleep" library="BuiltIn">
<arg>7</arg>
<doc>Pauses the test executed for the given time.</doc>
<msg timestamp="20220913 18:19:14.326" level="INFO">Slept 7 seconds</msg>
<status status="PASS" starttime="20220913 18:19:07.325" endtime="20220913 18:19:14.326"/>
</kw>
<status status="PASS" starttime="20220913 18:19:07.325" endtime="20220913 18:19:14.326"/>
</kw>
<kw name="Assert remind password page changed">
<kw name="Wait Until Page Contains" library="SeleniumLibrary">
<arg>email</arg>
<arg>10</arg>
<doc>Waits until ``text`` appears on the current page.</doc>
<msg timestamp="20220913 18:19:24.620" level="INFO" html="true">&lt;/td&gt;&lt;/tr&gt;&lt;tr&gt;&lt;td colspan="3"&gt;&lt;a href="selenium-screenshot-11.png"&gt;&lt;img src="selenium-screenshot-11.png" width="800px"&gt;&lt;/a&gt;</msg>
<msg timestamp="20220913 18:19:24.620" level="FAIL">Text 'email' did not appear in 10 seconds.</msg>
<status status="FAIL" starttime="20220913 18:19:14.328" endtime="20220913 18:19:24.621"/>
</kw>
<kw name="Capture Page Screenshot" library="SeleniumLibrary">
<arg>alert.png</arg>
<doc>Takes a screenshot of the current page and embeds it into a log file.</doc>
<status status="NOT RUN" starttime="20220913 18:19:24.621" endtime="20220913 18:19:24.621"/>
</kw>
<status status="FAIL" starttime="20220913 18:19:14.327" endtime="20220913 18:19:24.622"/>
</kw>
<kw name="[Teardown] Close browser">
<status status="NOT RUN" starttime="20220913 18:19:24.622" endtime="20220913 18:19:24.622"/>
</kw>
<status status="FAIL" starttime="20220913 18:19:05.352" endtime="20220913 18:19:24.622">Text 'email' did not appear in 10 seconds.</status>
</test>
<doc>Suite description #automated tests for scout website</doc>
<status status="FAIL" starttime="20220913 18:19:05.159" endtime="20220913 18:19:24.623"/>
</suite>
<status status="FAIL" starttime="20220913 18:19:05.158" endtime="20220913 18:19:24.624"/>
</suite>
<status status="FAIL" starttime="20220913 18:19:05.134" endtime="20220913 18:19:24.624"/>
</suite>
<statistics>
<total>
<stat pass="0" fail="1" skip="0">All Tests</stat>
</total>
<tag>
</tag>
<suite>
<stat pass="0" fail="1" skip="0" id="s1" name="Mirkevych Robotframework">Mirkevych Robotframework</stat>
<stat pass="0" fail="1" skip="0" id="s1-s1" name="Test Cases">Mirkevych Robotframework.Test Cases</stat>
<stat pass="0" fail="1" skip="0" id="s1-s1-s1" name="Tests Rf">Mirkevych Robotframework.Test Cases.Tests Rf</stat>
</suite>
</statistics>
<errors>
</errors>
</robot>
